<?xml version="1.0" encoding="utf-8"?><testsuites name="pytest tests"><testsuite name="pytest" errors="1" failures="1" skipped="0" tests="25" time="280.242" timestamp="2026-09-23T19:04:02.930969-07:00" hostname="ghosal-macbook.local"><testcase classname="tests.docker.test_api_contract" name="test_manifest_schema" time="0.024" /><testcase classname="tests.docker.test_api_contract" name="test_health_endpoints" time="0.007" /><testcase classname="tests.docker.test_api_contract" name="test_registry_crud_and_errors" time="0.038" /><testcase classname="tests.docker.test_api_contract" name="test_unknown_tool_is_rejected" time="0.002" /><testcase classname="tests.docker.test_api_contract" name="test_run_lifecycle_and_story" time="0.041" /><testcase classname="tests.docker.test_api_contract" name="test_unknown_run_is_404" time="0.002" /><testcase classname="tests.docker.test_api_contract" name="test_uncertified_run_is_refused_production" time="0.003" /><testcase classname="tests.docker.test_api_contract" name="test_policy_approvals_certifications_and_spend_read" time="0.015" /><testcase classname="tests.docker.test_container_fixtures" name="test_image_ships_tool_and_replay_fixtures" time="1.532" /><testcase classname="tests.docker.test_container_fixtures" name="test_image_imports_every_entrypoint_and_extra" time="0.917" /><testcase classname="tests.docker.test_control_loop" name="test_register_certify_run_and_deliver" time="231.854"><failure message="AssertionError: {'record_id': 'att-b7d392e5cb9d', 'certification': {'certification_id': 'cert-d269c655c2d1', 'workload_id': 'repo-agen...run_id': 'br-fc1c031ba0da', 'workload_id': 'repo-agent', 'manifest_version': 1, 'corpus_id': 'repo-agent-corpus', ...}}&#10;assert 'uncertified' == 'certified'&#10;  &#10;  - certified&#10;  + uncertified&#10;  ? ++">local_llm = &lt;docker.conftest.LocalLLM object at 0x109868c50&gt;

    @pytest.mark.docker
    def test_register_certify_run_and_deliver(local_llm: Any) -&gt; None:
        identity = _canonical_identity()
        payload = load_manifest(_WORKLOADS_DIR / "repo-agent.yaml").model_dump(
            by_alias=True, mode="json"
        )
        assert _request("POST", "/workloads", payload)[0] in (200, 201, 409)
    
        status, record = _request(
            "POST",
            "/certifications",
            {
                "workload": "repo-agent",
                "target_context": "production",
                "model_identity": identity,
            },
        )
        assert status == 201, record
&gt;       assert record["certification"]["status"] == "certified", record
E       AssertionError: {'record_id': 'att-b7d392e5cb9d', 'certification': {'certification_id': 'cert-d269c655c2d1', 'workload_id': 'repo-agen...run_id': 'br-fc1c031ba0da', 'workload_id': 'repo-agent', 'manifest_version': 1, 'corpus_id': 'repo-agent-corpus', ...}}
E       assert 'uncertified' == 'certified'
E         
E         - certified
E         + uncertified
E         ? ++

/Users/deghosal/Desktop/code/github/hiveplane/tests/docker/test_control_loop.py:87: AssertionError</failure></testcase><testcase classname="tests.docker.test_durability" name="test_paused_run_survives_restart_and_resumes" time="29.220" /><testcase classname="tests.docker.test_governance" name="test_uncertified_destructive_workload_refused_production" time="0.023" /><testcase classname="tests.docker.test_governance" name="test_uncertified_destructive_workload_admitted_to_sandbox" time="0.016" /><testcase classname="tests.docker.test_governance" name="test_spend_surface_reports_budgets" time="0.010" /><testcase classname="tests.docker.test_llm_matrix" name="test_local_llm_returns_a_completion" time="0.309" /><testcase classname="tests.docker.test_llm_matrix" name="test_local_llm_reports_usage" time="0.283" /><testcase classname="tests.docker.test_stack_health" name="test_healthz_is_ok" time="0.005" /><testcase classname="tests.docker.test_stack_health" name="test_readyz_reports_ready" time="0.007" /><testcase classname="tests.docker.test_stack_health" name="test_observability_services_are_healthy" time="15.039" /><testcase classname="tests.docker.test_ui" name="test_fleet_screen[chromium]" time="0.545" /><testcase classname="tests.docker.test_ui" name="test_run_detail_screen[chromium]" time="0.018"><error message="failed on setup with &quot;AssertionError: {'detail': &quot;attestation 'att-b7d392e5cb9d' failed signature verification&quot;}&#10;assert 422 == 201&quot;">@pytest.fixture(scope="module")
    def seeded_run() -&gt; str:
        """Register repo-agent and create a started run for the detail screen."""
        payload = load_manifest(_ROOT / "examples" / "workloads" / "repo-agent.yaml").model_dump(
            by_alias=True, mode="json"
        )
        _request("POST", "/workloads", payload)
        status, run = _request(
            "POST",
            "/runs",
            {
                "workload": "repo-agent",
                "caller": "field-test",
                "context": "sandbox",
                "model_identity": "openai/gpt-4o/2024-08-06",
            },
        )
&gt;       assert status == 201, run
E       AssertionError: {'detail': "attestation 'att-b7d392e5cb9d' failed signature verification"}
E       assert 422 == 201

tests/docker/test_ui.py:71: AssertionError</error></testcase><testcase classname="tests.docker.test_ui" name="test_approvals_screen[chromium]" time="0.077" /><testcase classname="tests.docker.test_ui" name="test_certifications_screen[chromium]" time="0.073" /><testcase classname="tests.docker.test_ui" name="test_spend_screen[chromium]" time="0.084" /></testsuite></testsuites>