<?xml version="1.0" encoding="utf-8"?><testsuites name="pytest tests"><testsuite name="pytest" errors="0" failures="0" skipped="0" tests="25" time="56.286" timestamp="2026-09-24T16:55:14.772908-07:00" hostname="ghosal-macbook.local"><testcase classname="tests.docker.test_api_contract" name="test_manifest_schema" time="0.025" /><testcase classname="tests.docker.test_api_contract" name="test_health_endpoints" time="0.006" /><testcase classname="tests.docker.test_api_contract" name="test_registry_crud_and_errors" time="0.036" /><testcase classname="tests.docker.test_api_contract" name="test_unknown_tool_is_rejected" time="0.002" /><testcase classname="tests.docker.test_api_contract" name="test_run_lifecycle_and_story" time="0.040" /><testcase classname="tests.docker.test_api_contract" name="test_unknown_run_is_404" time="0.002" /><testcase classname="tests.docker.test_api_contract" name="test_uncertified_run_is_refused_production" time="0.003" /><testcase classname="tests.docker.test_api_contract" name="test_policy_approvals_certifications_and_spend_read" time="0.015" /><testcase classname="tests.docker.test_container_fixtures" name="test_image_ships_tool_and_replay_fixtures" time="1.370" /><testcase classname="tests.docker.test_container_fixtures" name="test_image_imports_every_entrypoint_and_extra" time="0.805" /><testcase classname="tests.docker.test_control_loop" name="test_register_certify_run_and_deliver" time="32.707" /><testcase classname="tests.docker.test_durability" name="test_paused_run_survives_restart_and_resumes" time="4.865" /><testcase classname="tests.docker.test_governance" name="test_uncertified_destructive_workload_refused_production" time="0.021" /><testcase classname="tests.docker.test_governance" name="test_uncertified_destructive_workload_admitted_to_sandbox" time="0.016" /><testcase classname="tests.docker.test_governance" name="test_spend_surface_reports_budgets" time="0.010" /><testcase classname="tests.docker.test_llm_matrix" name="test_local_llm_returns_a_completion" time="0.252" /><testcase classname="tests.docker.test_llm_matrix" name="test_local_llm_reports_usage" time="0.340" /><testcase classname="tests.docker.test_stack_health" name="test_healthz_is_ok" time="0.006" /><testcase classname="tests.docker.test_stack_health" name="test_readyz_reports_ready" time="0.007" /><testcase classname="tests.docker.test_stack_health" name="test_observability_services_are_healthy" time="15.045" /><testcase classname="tests.docker.test_ui" name="test_fleet_screen[chromium]" time="0.322" /><testcase classname="tests.docker.test_ui" name="test_run_detail_screen[chromium]" time="0.120" /><testcase classname="tests.docker.test_ui" name="test_approvals_screen[chromium]" time="0.065" /><testcase classname="tests.docker.test_ui" name="test_certifications_screen[chromium]" time="0.067" /><testcase classname="tests.docker.test_ui" name="test_spend_screen[chromium]" time="0.086" /></testsuite></testsuites>