============================= test session starts ==============================
platform darwin -- Python 3.12.13, pytest-9.1.1, pluggy-1.6.0
rootdir: /Users/deghosal/Desktop/code/github/hiveplane
configfile: pyproject.toml
plugins: cov-7.1.0, playwright-0.9.0, langsmith-0.12.6, base-url-2.1.0, anyio-4.15.1
collected 25 items

tests/docker/test_api_contract.py ........                               [ 32%]
tests/docker/test_container_fixtures.py ..                               [ 40%]
tests/docker/test_control_loop.py .                                      [ 44%]
tests/docker/test_durability.py .                                        [ 48%]
tests/docker/test_governance.py ...                                      [ 60%]
tests/docker/test_llm_matrix.py ..                                       [ 68%]
tests/docker/test_stack_health.py ...                                    [ 80%]
tests/docker/test_ui.py .....                                            [100%]

- generated xml file: /Users/deghosal/Desktop/code/github/hiveplane/field_test/v0.1.0/docker/junit.xml -
============================= 25 passed in 56.29s ==============================
